<?xml version="1.0" encoding="UTF-8"?>
<coverage generated="1780064854">
  <project timestamp="1780064854" name="Clover Coverage">
    <package name="MkdBot\Application\DTO">
      <file name="/data/src/Application/DTO/ForwardMessageDTO.php">
        <class name="MkdBot\Application\DTO\ForwardMessageDTO" namespace="MkdBot\Application\DTO">
          <metrics complexity="1" methods="1" coveredmethods="1" conditionals="0" coveredconditionals="0" statements="1" coveredstatements="1" elements="2" coveredelements="2"/>
        </class>
        <line num="20" type="method" name="__construct" visibility="public" complexity="1" crap="1" count="24"/>
        <line num="28" type="stmt" count="24"/>
        <metrics loc="30" ncloc="19" classes="1" methods="1" coveredmethods="1" conditionals="0" coveredconditionals="0" statements="1" coveredstatements="1" elements="2" coveredelements="2"/>
      </file>
      <file name="/data/src/Application/DTO/MaxBotEventDTO.php">
        <class name="MkdBot\Application\DTO\MaxBotEventDTO" namespace="MkdBot\Application\DTO">
          <metrics complexity="1" methods="1" coveredmethods="1" conditionals="0" coveredconditionals="0" statements="1" coveredstatements="1" elements="2" coveredelements="2"/>
        </class>
        <line num="20" type="method" name="__construct" visibility="public" complexity="1" crap="1" count="12"/>
        <line num="27" type="stmt" count="12"/>
        <metrics loc="29" ncloc="18" classes="1" methods="1" coveredmethods="1" conditionals="0" coveredconditionals="0" statements="1" coveredstatements="1" elements="2" coveredelements="2"/>
      </file>
      <file name="/data/src/Application/DTO/MaxCallbackDTO.php">
        <class name="MkdBot\Application\DTO\MaxCallbackDTO" namespace="MkdBot\Application\DTO">
          <metrics complexity="1" methods="1" coveredmethods="1" conditionals="0" coveredconditionals="0" statements="1" coveredstatements="1" elements="2" coveredelements="2"/>
        </class>
        <line num="19" type="method" name="__construct" visibility="public" complexity="1" crap="1" count="32"/>
        <line num="26" type="stmt" count="32"/>
        <metrics loc="28" ncloc="18" classes="1" methods="1" coveredmethods="1" conditionals="0" coveredconditionals="0" statements="1" coveredstatements="1" elements="2" coveredelements="2"/>
      </file>
      <file name="/data/src/Application/DTO/MaxMessageDTO.php">
        <class name="MkdBot\Application\DTO\MaxMessageDTO" namespace="MkdBot\Application\DTO">
          <metrics complexity="1" methods="1" coveredmethods="1" conditionals="0" coveredconditionals="0" statements="1" coveredstatements="1" elements="2" coveredelements="2"/>
        </class>
        <line num="22" type="method" name="__construct" visibility="public" complexity="1" crap="1" count="35"/>
        <line num="32" type="stmt" count="35"/>
        <metrics loc="34" ncloc="21" classes="1" methods="1" coveredmethods="1" conditionals="0" coveredconditionals="0" statements="1" coveredstatements="1" elements="2" coveredelements="2"/>
      </file>
      <file name="/data/src/Application/DTO/NewsDeliveryDTO.php">
        <class name="MkdBot\Application\DTO\NewsDeliveryDTO" namespace="MkdBot\Application\DTO">
          <metrics complexity="3" methods="3" coveredmethods="3" conditionals="0" coveredconditionals="0" statements="13" coveredstatements="13" elements="16" coveredelements="16"/>
        </class>
        <line num="13" type="method" name="__construct" visibility="public" complexity="1" crap="1" count="7"/>
        <line num="19" type="stmt" count="7"/>
        <line num="24" type="method" name="toArray" visibility="public" complexity="1" crap="1" count="3"/>
        <line num="26" type="stmt" count="3"/>
        <line num="27" type="stmt" count="3"/>
        <line num="28" type="stmt" count="3"/>
        <line num="29" type="stmt" count="3"/>
        <line num="30" type="stmt" count="3"/>
        <line num="31" type="stmt" count="3"/>
        <line num="37" type="method" name="fromArray" visibility="public" complexity="1" crap="1" count="3"/>
        <line num="39" type="stmt" count="3"/>
        <line num="40" type="stmt" count="3"/>
        <line num="41" type="stmt" count="3"/>
        <line num="42" type="stmt" count="3"/>
        <line num="43" type="stmt" count="3"/>
        <line num="44" type="stmt" count="3"/>
        <metrics loc="47" ncloc="37" classes="1" methods="3" coveredmethods="3" conditionals="0" coveredconditionals="0" statements="13" coveredstatements="13" elements="16" coveredelements="16"/>
      </file>
      <file name="/data/src/Application/DTO/ProposalDTO.php">
        <class name="MkdBot\Application\DTO\ProposalDTO" namespace="MkdBot\Application\DTO">
          <metrics complexity="1" methods="1" coveredmethods="1" conditionals="0" coveredconditionals="0" statements="1" coveredstatements="1" elements="2" coveredelements="2"/>
        </class>
        <line num="14" type="method" name="__construct" visibility="public" complexity="1" crap="1" count="13"/>
        <line num="21" type="stmt" count="13"/>
        <metrics loc="23" ncloc="20" classes="1" methods="1" coveredmethods="1" conditionals="0" coveredconditionals="0" statements="1" coveredstatements="1" elements="2" coveredelements="2"/>
      </file>
      <file name="/data/src/Application/DTO/RagQueryDTO.php">
        <class name="MkdBot\Application\DTO\RagQueryDTO" namespace="MkdBot\Application\DTO">
          <metrics complexity="1" methods="1" coveredmethods="0" conditionals="0" coveredconditionals="0" statements="1" coveredstatements="0" elements="2" coveredelements="0"/>
        </class>
        <line num="12" type="method" name="__construct" visibility="public" complexity="1" crap="2" count="0"/>
        <line num="16" type="stmt" count="0"/>
        <metrics loc="18" ncloc="15" classes="1" methods="1" coveredmethods="0" conditionals="0" coveredconditionals="0" statements="1" coveredstatements="0" elements="2" coveredelements="0"/>
      </file>
    </package>
    <package name="MkdBot\Application\Service">
      <file name="/data/src/Application/Service/MainMenuSender.php">
        <class name="MkdBot\Application\Service\MainMenuSender" namespace="MkdBot\Application\Service">
          <metrics complexity="2" methods="2" coveredmethods="0" conditionals="0" coveredconditionals="0" statements="12" coveredstatements="0" elements="14" coveredelements="0"/>
        </class>
        <line num="15" type="method" name="__construct" visibility="public" complexity="1" crap="2" count="0"/>
        <line num="18" type="stmt" count="0"/>
        <line num="20" type="method" name="send" visibility="public" complexity="1" crap="2" count="0"/>
        <line num="22" type="stmt" count="0"/>
        <line num="23" type="stmt" count="0"/>
        <line num="24" type="stmt" count="0"/>
        <line num="25" type="stmt" count="0"/>
        <line num="26" type="stmt" count="0"/>
        <line num="27" type="stmt" count="0"/>
        <line num="28" type="stmt" count="0"/>
        <line num="29" type="stmt" count="0"/>
        <line num="30" type="stmt" count="0"/>
        <line num="31" type="stmt" count="0"/>
        <line num="32" type="stmt" count="0"/>
        <metrics loc="35" ncloc="31" classes="1" methods="2" coveredmethods="0" conditionals="0" coveredconditionals="0" statements="12" coveredstatements="0" elements="14" coveredelements="0"/>
      </file>
    </package>
    <package name="MkdBot\Application\UseCase">
      <file name="/data/src/Application/UseCase/DeliverNews.php">
        <class name="MkdBot\Application\UseCase\DeliverNews" namespace="MkdBot\Application\UseCase">
          <metrics complexity="8" methods="3" coveredmethods="3" conditionals="0" coveredconditionals="0" statements="37" coveredstatements="37" elements="40" coveredelements="40"/>
        </class>
        <line num="25" type="method" name="__construct" visibility="public" complexity="1" crap="1" count="4"/>
        <line num="32" type="stmt" count="4"/>
        <line num="37" type="method" name="execute" visibility="public" complexity="4" crap="4" count="4"/>
        <line num="39" type="stmt" count="4"/>
        <line num="41" type="stmt" count="4"/>
        <line num="42" type="stmt" count="1"/>
        <line num="43" type="stmt" count="1"/>
        <line num="46" type="stmt" count="3"/>
        <line num="48" type="stmt" count="3"/>
        <line num="49" type="stmt" count="1"/>
        <line num="50" type="stmt" count="1"/>
        <line num="53" type="stmt" count="2"/>
        <line num="54" type="stmt" count="2"/>
        <line num="61" type="method" name="deliverNewsToSubscribers" visibility="private" complexity="3" crap="3" count="2"/>
        <line num="63" type="stmt" count="2"/>
        <line num="64" type="stmt" count="2"/>
        <line num="67" type="stmt" count="2"/>
        <line num="68" type="stmt" count="2"/>
        <line num="70" type="stmt" count="2"/>
        <line num="72" type="stmt" count="2"/>
        <line num="73" type="stmt" count="2"/>
        <line num="76" type="stmt" count="2"/>
        <line num="77" type="stmt" count="1"/>
        <line num="78" type="stmt" count="1"/>
        <line num="81" type="stmt" count="1"/>
        <line num="82" type="stmt" count="1"/>
        <line num="83" type="stmt" count="1"/>
        <line num="84" type="stmt" count="1"/>
        <line num="85" type="stmt" count="1"/>
        <line num="86" type="stmt" count="1"/>
        <line num="88" type="stmt" count="1"/>
        <line num="89" type="stmt" count="1"/>
        <line num="90" type="stmt" count="1"/>
        <line num="91" type="stmt" count="1"/>
        <line num="92" type="stmt" count="1"/>
        <line num="93" type="stmt" count="1"/>
        <line num="95" type="stmt" count="1"/>
        <line num="96" type="stmt" count="1"/>
        <line num="99" type="stmt" count="2"/>
        <line num="101" type="stmt" count="2"/>
        <metrics loc="104" ncloc="91" classes="1" methods="3" coveredmethods="3" conditionals="0" coveredconditionals="0" statements="37" coveredstatements="37" elements="40" coveredelements="40"/>
      </file>
      <file name="/data/src/Application/UseCase/ForwardToTelegram.php">
        <class name="MkdBot\Application\UseCase\ForwardToTelegram" namespace="MkdBot\Application\UseCase">
          <metrics complexity="31" methods="7" coveredmethods="6" conditionals="0" coveredconditionals="0" statements="79" coveredstatements="78" elements="86" coveredelements="84"/>
        </class>
        <line num="21" type="method" name="__construct" visibility="public" complexity="1" crap="1" count="15"/>
        <line num="27" type="stmt" count="15"/>
        <line num="32" type="method" name="formatForwardHeader" visibility="private" complexity="2" crap="2.15" count="15"/>
        <line num="34" type="stmt" count="15"/>
        <line num="35" type="stmt" count="15"/>
        <line num="37" type="stmt" count="0"/>
        <line num="43" type="method" name="execute" visibility="public" complexity="12" crap="12" count="15"/>
        <line num="45" type="stmt" count="15"/>
        <line num="46" type="stmt" count="15"/>
        <line num="48" type="stmt" count="15"/>
        <line num="49" type="stmt" count="14"/>
        <line num="51" type="stmt" count="1"/>
        <line num="54" type="stmt" count="15"/>
        <line num="55" type="stmt" count="3"/>
        <line num="58" type="stmt" count="15"/>
        <line num="59" type="stmt" count="5"/>
        <line num="60" type="stmt" count="5"/>
        <line num="63" type="stmt" count="10"/>
        <line num="64" type="stmt" count="10"/>
        <line num="66" type="stmt" count="10"/>
        <line num="67" type="stmt" count="10"/>
        <line num="69" type="stmt" count="10"/>
        <line num="70" type="stmt" count="5"/>
        <line num="71" type="stmt" count="5"/>
        <line num="72" type="stmt" count="1"/>
        <line num="73" type="stmt" count="10"/>
        <line num="77" type="stmt" count="10"/>
        <line num="78" type="stmt" count="5"/>
        <line num="80" type="stmt" count="5"/>
        <line num="81" type="stmt" count="1"/>
        <line num="83" type="stmt" count="5"/>
        <line num="84" type="stmt" count="4"/>
        <line num="91" type="method" name="sendTextMessage" visibility="private" complexity="1" crap="1" count="5"/>
        <line num="93" type="stmt" count="5"/>
        <line num="94" type="stmt" count="5"/>
        <line num="95" type="stmt" count="5"/>
        <line num="96" type="stmt" count="5"/>
        <line num="97" type="stmt" count="5"/>
        <line num="98" type="stmt" count="5"/>
        <line num="105" type="method" name="sendPhotos" visibility="private" complexity="6" crap="6" count="5"/>
        <line num="107" type="stmt" count="5"/>
        <line num="108" type="stmt" count="5"/>
        <line num="109" type="stmt" count="5"/>
        <line num="110" type="stmt" count="1"/>
        <line num="111" type="stmt" count="1"/>
        <line num="114" type="stmt" count="4"/>
        <line num="115" type="stmt" count="4"/>
        <line num="116" type="stmt" count="4"/>
        <line num="117" type="stmt" count="4"/>
        <line num="119" type="stmt" count="4"/>
        <line num="120" type="stmt" count="4"/>
        <line num="121" type="stmt" count="4"/>
        <line num="124" type="stmt" count="4"/>
        <line num="133" type="method" name="sendDocuments" visibility="private" complexity="7" crap="7" count="5"/>
        <line num="135" type="stmt" count="5"/>
        <line num="136" type="stmt" count="5"/>
        <line num="137" type="stmt" count="5"/>
        <line num="138" type="stmt" count="5"/>
        <line num="140" type="stmt" count="5"/>
        <line num="141" type="stmt" count="1"/>
        <line num="142" type="stmt" count="1"/>
        <line num="143" type="stmt" count="1"/>
        <line num="144" type="stmt" count="1"/>
        <line num="145" type="stmt" count="1"/>
        <line num="146" type="stmt" count="1"/>
        <line num="147" type="stmt" count="1"/>
        <line num="151" type="stmt" count="4"/>
        <line num="152" type="stmt" count="1"/>
        <line num="153" type="stmt" count="1"/>
        <line num="154" type="stmt" count="1"/>
        <line num="155" type="stmt" count="1"/>
        <line num="156" type="stmt" count="1"/>
        <line num="157" type="stmt" count="1"/>
        <line num="161" type="stmt" count="3"/>
        <line num="162" type="stmt" count="3"/>
        <line num="163" type="stmt" count="3"/>
        <line num="164" type="stmt" count="3"/>
        <line num="165" type="stmt" count="3"/>
        <line num="167" type="stmt" count="3"/>
        <line num="168" type="stmt" count="2"/>
        <line num="169" type="stmt" count="2"/>
        <line num="172" type="stmt" count="3"/>
        <line num="179" type="method" name="truncateText" visibility="private" complexity="2" crap="2" count="11"/>
        <line num="181" type="stmt" count="11"/>
        <line num="182" type="stmt" count="9"/>
        <line num="185" type="stmt" count="2"/>
        <metrics loc="188" ncloc="157" classes="1" methods="7" coveredmethods="6" conditionals="0" coveredconditionals="0" statements="79" coveredstatements="78" elements="86" coveredelements="84"/>
      </file>
      <file name="/data/src/Application/UseCase/GetContacts.php">
        <class name="MkdBot\Application\UseCase\GetContacts" namespace="MkdBot\Application\UseCase">
          <metrics complexity="8" methods="2" coveredmethods="2" conditionals="0" coveredconditionals="0" statements="17" coveredstatements="17" elements="19" coveredelements="19"/>
        </class>
        <line num="17" type="method" name="__construct" visibility="public" complexity="1" crap="1" count="12"/>
        <line num="20" type="stmt" count="12"/>
        <line num="25" type="method" name="execute" visibility="public" complexity="7" crap="7" count="12"/>
        <line num="27" type="stmt" count="12"/>
        <line num="28" type="stmt" count="12"/>
        <line num="30" type="stmt" count="12"/>
        <line num="31" type="stmt" count="3"/>
        <line num="32" type="stmt" count="2"/>
        <line num="33" type="stmt" count="3"/>
        <line num="36" type="stmt" count="9"/>
        <line num="37" type="stmt" count="9"/>
        <line num="38" type="stmt" count="9"/>
        <line num="39" type="stmt" count="9"/>
        <line num="40" type="stmt" count="1"/>
        <line num="42" type="stmt" count="9"/>
        <line num="46" type="stmt" count="9"/>
        <line num="47" type="stmt" count="2"/>
        <line num="48" type="stmt" count="2"/>
        <line num="51" type="stmt" count="9"/>
        <metrics loc="54" ncloc="46" classes="1" methods="2" coveredmethods="2" conditionals="0" coveredconditionals="0" statements="17" coveredstatements="17" elements="19" coveredelements="19"/>
      </file>
      <file name="/data/src/Application/UseCase/HandleBotStarted.php">
        <class name="MkdBot\Application\UseCase\HandleBotStarted" namespace="MkdBot\Application\UseCase">
          <metrics complexity="3" methods="2" coveredmethods="2" conditionals="0" coveredconditionals="0" statements="14" coveredstatements="14" elements="16" coveredelements="16"/>
        </class>
        <line num="21" type="method" name="__construct" visibility="public" complexity="1" crap="1" count="2"/>
        <line num="27" type="stmt" count="2"/>
        <line num="32" type="method" name="execute" visibility="public" complexity="2" crap="2" count="2"/>
        <line num="34" type="stmt" count="2"/>
        <line num="36" type="stmt" count="2"/>
        <line num="38" type="stmt" count="2"/>
        <line num="41" type="stmt" count="2"/>
        <line num="42" type="stmt" count="2"/>
        <line num="43" type="stmt" count="1"/>
        <line num="44" type="stmt" count="1"/>
        <line num="46" type="stmt" count="1"/>
        <line num="47" type="stmt" count="1"/>
        <line num="48" type="stmt" count="1"/>
        <line num="49" type="stmt" count="1"/>
        <line num="50" type="stmt" count="1"/>
        <line num="51" type="stmt" count="1"/>
        <metrics loc="55" ncloc="46" classes="1" methods="2" coveredmethods="2" conditionals="0" coveredconditionals="0" statements="14" coveredstatements="14" elements="16" coveredelements="16"/>
      </file>
      <file name="/data/src/Application/UseCase/HandleBotStopped.php">
        <class name="MkdBot\Application\UseCase\HandleBotStopped" namespace="MkdBot\Application\UseCase">
          <metrics complexity="2" methods="2" coveredmethods="2" conditionals="0" coveredconditionals="0" statements="5" coveredstatements="5" elements="7" coveredelements="7"/>
        </class>
        <line num="17" type="method" name="__construct" visibility="public" complexity="1" crap="1" count="1"/>
        <line num="22" type="stmt" count="1"/>
        <line num="27" type="method" name="execute" visibility="public" complexity="1" crap="1" count="1"/>
        <line num="29" type="stmt" count="1"/>
        <line num="30" type="stmt" count="1"/>
        <line num="32" type="stmt" count="1"/>
        <line num="33" type="stmt" count="1"/>
        <metrics loc="36" ncloc="30" classes="1" methods="2" coveredmethods="2" conditionals="0" coveredconditionals="0" statements="5" coveredstatements="5" elements="7" coveredelements="7"/>
      </file>
      <file name="/data/src/Application/UseCase/HandleChannelMessage.php">
        <class name="MkdBot\Application\UseCase\HandleChannelMessage" namespace="MkdBot\Application\UseCase">
          <metrics complexity="2" methods="2" coveredmethods="2" conditionals="0" coveredconditionals="0" statements="18" coveredstatements="18" elements="20" coveredelements="20"/>
        </class>
        <line num="18" type="method" name="__construct" visibility="public" complexity="1" crap="1" count="2"/>
        <line num="22" type="stmt" count="2"/>
        <line num="27" type="method" name="execute" visibility="public" complexity="1" crap="1" count="2"/>
        <line num="29" type="stmt" count="2"/>
        <line num="30" type="stmt" count="2"/>
        <line num="31" type="stmt" count="2"/>
        <line num="32" type="stmt" count="2"/>
        <line num="33" type="stmt" count="2"/>
        <line num="34" type="stmt" count="2"/>
        <line num="35" type="stmt" count="2"/>
        <line num="36" type="stmt" count="2"/>
        <line num="38" type="stmt" count="2"/>
        <line num="39" type="stmt" count="2"/>
        <line num="40" type="stmt" count="2"/>
        <line num="41" type="stmt" count="2"/>
        <line num="42" type="stmt" count="2"/>
        <line num="43" type="stmt" count="2"/>
        <line num="44" type="stmt" count="2"/>
        <line num="45" type="stmt" count="2"/>
        <line num="47" type="stmt" count="2"/>
        <metrics loc="50" ncloc="44" classes="1" methods="2" coveredmethods="2" conditionals="0" coveredconditionals="0" statements="18" coveredstatements="18" elements="20" coveredelements="20"/>
      </file>
      <file name="/data/src/Application/UseCase/HandleDialogMessage.php">
        <class name="MkdBot\Application\UseCase\HandleDialogMessage" namespace="MkdBot\Application\UseCase">
          <metrics complexity="23" methods="7" coveredmethods="6" conditionals="0" coveredconditionals="0" statements="72" coveredstatements="71" elements="79" coveredelements="77"/>
        </class>
        <line num="22" type="method" name="__construct" visibility="public" complexity="1" crap="1" count="21"/>
        <line num="28" type="stmt" count="21"/>
        <line num="33" type="method" name="execute" visibility="public" complexity="14" crap="14" count="21"/>
        <line num="35" type="stmt" count="21"/>
        <line num="38" type="stmt" count="21"/>
        <line num="39" type="stmt" count="4"/>
        <line num="40" type="stmt" count="4"/>
        <line num="41" type="stmt" count="4"/>
        <line num="45" type="stmt" count="17"/>
        <line num="46" type="stmt" count="17"/>
        <line num="47" type="stmt" count="4"/>
        <line num="48" type="stmt" count="2"/>
        <line num="49" type="stmt" count="2"/>
        <line num="51" type="stmt" count="4"/>
        <line num="52" type="stmt" count="4"/>
        <line num="56" type="stmt" count="13"/>
        <line num="57" type="stmt" count="7"/>
        <line num="58" type="stmt" count="2"/>
        <line num="60" type="stmt" count="13"/>
        <line num="61" type="stmt" count="5"/>
        <line num="62" type="stmt" count="5"/>
        <line num="65" type="stmt" count="8"/>
        <line num="66" type="stmt" count="1"/>
        <line num="71" type="stmt" count="8"/>
        <line num="72" type="stmt" count="8"/>
        <line num="73" type="stmt" count="4"/>
        <line num="74" type="stmt" count="1"/>
        <line num="75" type="stmt" count="0"/>
        <line num="76" type="stmt" count="8"/>
        <line num="82" type="method" name="handleSubjectInput" visibility="private" complexity="3" crap="3" count="4"/>
        <line num="84" type="stmt" count="4"/>
        <line num="85" type="stmt" count="1"/>
        <line num="86" type="stmt" count="1"/>
        <line num="87" type="stmt" count="1"/>
        <line num="88" type="stmt" count="1"/>
        <line num="89" type="stmt" count="1"/>
        <line num="93" type="stmt" count="3"/>
        <line num="94" type="stmt" count="3"/>
        <line num="95" type="stmt" count="3"/>
        <line num="97" type="stmt" count="3"/>
        <line num="98" type="stmt" count="3"/>
        <line num="100" type="stmt" count="3"/>
        <line num="101" type="stmt" count="3"/>
        <line num="102" type="stmt" count="3"/>
        <line num="103" type="stmt" count="3"/>
        <line num="104" type="stmt" count="3"/>
        <line num="110" type="method" name="handleDescriptionInput" visibility="private" complexity="2" crap="2" count="3"/>
        <line num="112" type="stmt" count="3"/>
        <line num="113" type="stmt" count="2"/>
        <line num="114" type="stmt" count="2"/>
        <line num="115" type="stmt" count="2"/>
        <line num="116" type="stmt" count="2"/>
        <line num="117" type="stmt" count="2"/>
        <line num="120" type="stmt" count="1"/>
        <line num="121" type="stmt" count="1"/>
        <line num="122" type="stmt" count="1"/>
        <line num="124" type="stmt" count="1"/>
        <line num="125" type="stmt" count="1"/>
        <line num="126" type="stmt" count="1"/>
        <line num="128" type="stmt" count="1"/>
        <line num="129" type="stmt" count="1"/>
        <line num="130" type="stmt" count="1"/>
        <line num="132" type="stmt" count="1"/>
        <line num="133" type="stmt" count="1"/>
        <line num="134" type="stmt" count="1"/>
        <line num="135" type="stmt" count="1"/>
        <line num="136" type="stmt" count="1"/>
        <line num="137" type="stmt" count="1"/>
        <line num="138" type="stmt" count="1"/>
        <line num="139" type="stmt" count="1"/>
        <line num="145" type="method" name="handleQuestionInput" visibility="private" complexity="1" crap="1" count="1"/>
        <line num="147" type="stmt" count="1"/>
        <line num="148" type="stmt" count="1"/>
        <line num="149" type="stmt" count="1"/>
        <line num="150" type="stmt" count="1"/>
        <line num="156" type="method" name="isEmptyMessage" visibility="private" complexity="1" crap="1" count="13"/>
        <line num="158" type="stmt" count="13"/>
        <line num="164" type="method" name="hasAttachments" visibility="private" complexity="1" crap="1" count="8"/>
        <line num="166" type="stmt" count="8"/>
        <metrics loc="169" ncloc="142" classes="1" methods="7" coveredmethods="6" conditionals="0" coveredconditionals="0" statements="72" coveredstatements="71" elements="79" coveredelements="77"/>
      </file>
      <file name="/data/src/Application/UseCase/HandleMaxWebhook.php">
        <class name="MkdBot\Application\UseCase\HandleMaxWebhook" namespace="MkdBot\Application\UseCase">
          <metrics complexity="11" methods="4" coveredmethods="4" conditionals="0" coveredconditionals="0" statements="13" coveredstatements="13" elements="17" coveredelements="17"/>
        </class>
        <line num="17" type="method" name="__construct" visibility="public" complexity="1" crap="1" count="7"/>
        <line num="25" type="stmt" count="7"/>
        <line num="30" type="method" name="execute" visibility="public" complexity="4" crap="4" count="6"/>
        <line num="33" type="stmt" count="6"/>
        <line num="34" type="stmt" count="4"/>
        <line num="35" type="stmt" count="3"/>
        <line num="42" type="method" name="routeMessage" visibility="private" complexity="2" crap="2" count="2"/>
        <line num="44" type="stmt" count="2"/>
        <line num="45" type="stmt" count="1"/>
        <line num="46" type="stmt" count="1"/>
        <line num="48" type="stmt" count="1"/>
        <line num="55" type="method" name="routeBotEvent" visibility="private" complexity="4" crap="4" count="3"/>
        <line num="57" type="stmt" count="3"/>
        <line num="58" type="stmt" count="1"/>
        <line num="59" type="stmt" count="1"/>
        <line num="60" type="stmt" count="1"/>
        <line num="61" type="stmt" count="3"/>
        <metrics loc="64" ncloc="52" classes="1" methods="4" coveredmethods="4" conditionals="0" coveredconditionals="0" statements="13" coveredstatements="13" elements="17" coveredelements="17"/>
      </file>
      <file name="/data/src/Application/UseCase/HandleMessageCallback.php">
        <class name="MkdBot\Application\UseCase\HandleMessageCallback" namespace="MkdBot\Application\UseCase">
          <metrics complexity="29" methods="9" coveredmethods="8" conditionals="0" coveredconditionals="0" statements="87" coveredstatements="86" elements="96" coveredelements="94"/>
        </class>
        <line num="22" type="method" name="__construct" visibility="public" complexity="1" crap="1" count="24"/>
        <line num="30" type="stmt" count="24"/>
        <line num="35" type="method" name="execute" visibility="public" complexity="7" crap="7" count="24"/>
        <line num="37" type="stmt" count="24"/>
        <line num="38" type="stmt" count="24"/>
        <line num="40" type="stmt" count="24"/>
        <line num="41" type="stmt" count="3"/>
        <line num="42" type="stmt" count="4"/>
        <line num="43" type="stmt" count="3"/>
        <line num="44" type="stmt" count="5"/>
        <line num="45" type="stmt" count="7"/>
        <line num="46" type="stmt" count="2"/>
        <line num="47" type="stmt" count="24"/>
        <line num="54" type="method" name="isStepValid" visibility="private" complexity="4" crap="4.05" count="5"/>
        <line num="56" type="stmt" count="5"/>
        <line num="57" type="stmt" count="5"/>
        <line num="59" type="stmt" count="0"/>
        <line num="62" type="stmt" count="5"/>
        <line num="64" type="stmt" count="1"/>
        <line num="67" type="stmt" count="4"/>
        <line num="68" type="stmt" count="4"/>
        <line num="74" type="method" name="answerCallbackIfPresent" visibility="private" complexity="3" crap="3" count="18"/>
        <line num="76" type="stmt" count="18"/>
        <line num="77" type="stmt" count="14"/>
        <line num="85" type="method" name="handleContacts" visibility="private" complexity="1" crap="1" count="3"/>
        <line num="87" type="stmt" count="3"/>
        <line num="88" type="stmt" count="3"/>
        <line num="89" type="stmt" count="3"/>
        <line num="90" type="stmt" count="3"/>
        <line num="92" type="stmt" count="3"/>
        <line num="98" type="method" name="handleProposalStart" visibility="private" complexity="2" crap="2" count="4"/>
        <line num="100" type="stmt" count="4"/>
        <line num="101" type="stmt" count="4"/>
        <line num="104" type="stmt" count="4"/>
        <line num="105" type="stmt" count="4"/>
        <line num="106" type="stmt" count="4"/>
        <line num="107" type="stmt" count="4"/>
        <line num="108" type="stmt" count="4"/>
        <line num="109" type="stmt" count="4"/>
        <line num="111" type="stmt" count="4"/>
        <line num="112" type="stmt" count="4"/>
        <line num="113" type="stmt" count="4"/>
        <line num="114" type="stmt" count="4"/>
        <line num="115" type="stmt" count="4"/>
        <line num="116" type="stmt" count="4"/>
        <line num="123" type="method" name="handleRagQuery" visibility="private" complexity="1" crap="1" count="3"/>
        <line num="125" type="stmt" count="3"/>
        <line num="126" type="stmt" count="3"/>
        <line num="127" type="stmt" count="3"/>
        <line num="133" type="method" name="handleConfirm" visibility="private" complexity="5" crap="5" count="5"/>
        <line num="135" type="stmt" count="5"/>
        <line num="137" type="stmt" count="5"/>
        <line num="138" type="stmt" count="1"/>
        <line num="139" type="stmt" count="1"/>
        <line num="140" type="stmt" count="1"/>
        <line num="143" type="stmt" count="4"/>
        <line num="144" type="stmt" count="4"/>
        <line num="145" type="stmt" count="4"/>
        <line num="147" type="stmt" count="4"/>
        <line num="148" type="stmt" count="4"/>
        <line num="149" type="stmt" count="4"/>
        <line num="151" type="stmt" count="4"/>
        <line num="152" type="stmt" count="3"/>
        <line num="153" type="stmt" count="3"/>
        <line num="154" type="stmt" count="3"/>
        <line num="155" type="stmt" count="3"/>
        <line num="156" type="stmt" count="3"/>
        <line num="158" type="stmt" count="1"/>
        <line num="162" type="stmt" count="4"/>
        <line num="163" type="stmt" count="4"/>
        <line num="164" type="stmt" count="4"/>
        <line num="165" type="stmt" count="4"/>
        <line num="166" type="stmt" count="4"/>
        <line num="167" type="stmt" count="4"/>
        <line num="168" type="stmt" count="4"/>
        <line num="169" type="stmt" count="4"/>
        <line num="170" type="stmt" count="4"/>
        <line num="171" type="stmt" count="4"/>
        <line num="172" type="stmt" count="1"/>
        <line num="173" type="stmt" count="1"/>
        <line num="174" type="stmt" count="1"/>
        <line num="175" type="stmt" count="1"/>
        <line num="176" type="stmt" count="1"/>
        <line num="180" type="stmt" count="3"/>
        <line num="181" type="stmt" count="3"/>
        <line num="183" type="stmt" count="3"/>
        <line num="190" type="method" name="handleCancel" visibility="private" complexity="5" crap="5" count="7"/>
        <line num="192" type="stmt" count="7"/>
        <line num="195" type="stmt" count="7"/>
        <line num="196" type="stmt" count="7"/>
        <line num="197" type="stmt" count="2"/>
        <line num="198" type="stmt" count="2"/>
        <line num="199" type="stmt" count="2"/>
        <line num="202" type="stmt" count="5"/>
        <line num="203" type="stmt" count="5"/>
        <line num="204" type="stmt" count="5"/>
        <metrics loc="207" ncloc="169" classes="1" methods="9" coveredmethods="8" conditionals="0" coveredconditionals="0" statements="87" coveredstatements="86" elements="96" coveredelements="94"/>
      </file>
      <file name="/data/src/Application/UseCase/HandleTelegramWebhook.php">
        <class name="MkdBot\Application\UseCase\HandleTelegramWebhook" namespace="MkdBot\Application\UseCase">
          <metrics complexity="2" methods="2" coveredmethods="0" conditionals="0" coveredconditionals="0" statements="2" coveredstatements="0" elements="4" coveredelements="0"/>
        </class>
        <line num="14" type="method" name="__construct" visibility="public" complexity="1" crap="2" count="0"/>
        <line num="17" type="stmt" count="0"/>
        <line num="22" type="method" name="execute" visibility="public" complexity="1" crap="2" count="0"/>
        <line num="24" type="stmt" count="0"/>
        <metrics loc="27" ncloc="21" classes="1" methods="2" coveredmethods="0" conditionals="0" coveredconditionals="0" statements="2" coveredstatements="0" elements="4" coveredelements="0"/>
      </file>
      <file name="/data/src/Application/UseCase/ProcessProposal.php">
        <class name="MkdBot\Application\UseCase\ProcessProposal" namespace="MkdBot\Application\UseCase">
          <metrics complexity="4" methods="2" coveredmethods="2" conditionals="0" coveredconditionals="0" statements="22" coveredstatements="22" elements="24" coveredelements="24"/>
        </class>
        <line num="20" type="method" name="__construct" visibility="public" complexity="1" crap="1" count="9"/>
        <line num="25" type="stmt" count="9"/>
        <line num="33" type="method" name="execute" visibility="public" complexity="3" crap="3" count="9"/>
        <line num="36" type="stmt" count="9"/>
        <line num="37" type="stmt" count="9"/>
        <line num="38" type="stmt" count="9"/>
        <line num="39" type="stmt" count="9"/>
        <line num="40" type="stmt" count="9"/>
        <line num="41" type="stmt" count="9"/>
        <line num="42" type="stmt" count="9"/>
        <line num="43" type="stmt" count="9"/>
        <line num="44" type="stmt" count="6"/>
        <line num="45" type="stmt" count="3"/>
        <line num="46" type="stmt" count="3"/>
        <line num="47" type="stmt" count="3"/>
        <line num="52" type="stmt" count="6"/>
        <line num="53" type="stmt" count="6"/>
        <line num="54" type="stmt" count="6"/>
        <line num="55" type="stmt" count="6"/>
        <line num="56" type="stmt" count="6"/>
        <line num="57" type="stmt" count="6"/>
        <line num="58" type="stmt" count="6"/>
        <line num="59" type="stmt" count="1"/>
        <line num="60" type="stmt" count="1"/>
        <metrics loc="64" ncloc="54" classes="1" methods="2" coveredmethods="2" conditionals="0" coveredconditionals="0" statements="22" coveredstatements="22" elements="24" coveredelements="24"/>
      </file>
      <file name="/data/src/Application/UseCase/ProcessRagQuery.php">
        <class name="MkdBot\Application\UseCase\ProcessRagQuery" namespace="MkdBot\Application\UseCase">
          <metrics complexity="2" methods="2" coveredmethods="2" conditionals="0" coveredconditionals="0" statements="2" coveredstatements="2" elements="4" coveredelements="4"/>
        </class>
        <line num="14" type="method" name="__construct" visibility="public" complexity="1" crap="1" count="1"/>
        <line num="17" type="stmt" count="1"/>
        <line num="22" type="method" name="execute" visibility="public" complexity="1" crap="1" count="1"/>
        <line num="24" type="stmt" count="1"/>
        <metrics loc="27" ncloc="21" classes="1" methods="2" coveredmethods="2" conditionals="0" coveredconditionals="0" statements="2" coveredstatements="2" elements="4" coveredelements="4"/>
      </file>
      <file name="/data/src/Application/UseCase/SendNewsToUser.php">
        <class name="MkdBot\Application\UseCase\SendNewsToUser" namespace="MkdBot\Application\UseCase">
          <metrics complexity="3" methods="2" coveredmethods="2" conditionals="0" coveredconditionals="0" statements="10" coveredstatements="10" elements="12" coveredelements="12"/>
        </class>
        <line num="19" type="method" name="__construct" visibility="public" complexity="1" crap="1" count="2"/>
        <line num="24" type="stmt" count="2"/>
        <line num="29" type="method" name="execute" visibility="public" complexity="2" crap="2" count="2"/>
        <line num="31" type="stmt" count="2"/>
        <line num="34" type="stmt" count="2"/>
        <line num="36" type="stmt" count="2"/>
        <line num="38" type="stmt" count="1"/>
        <line num="40" type="stmt" count="1"/>
        <line num="41" type="stmt" count="1"/>
        <line num="42" type="stmt" count="1"/>
        <line num="44" type="stmt" count="1"/>
        <line num="46" type="stmt" count="1"/>
        <metrics loc="50" ncloc="43" classes="1" methods="2" coveredmethods="2" conditionals="0" coveredconditionals="0" statements="10" coveredstatements="10" elements="12" coveredelements="12"/>
      </file>
    </package>
    <package name="MkdBot\Domain\Entity">
      <file name="/data/src/Domain/Entity/BotSubscriber.php">
        <class name="MkdBot\Domain\Entity\BotSubscriber" namespace="MkdBot\Domain\Entity">
          <metrics complexity="8" methods="8" coveredmethods="8" conditionals="0" coveredconditionals="0" statements="11" coveredstatements="11" elements="19" coveredelements="19"/>
        </class>
        <line num="14" type="method" name="__construct" visibility="public" complexity="1" crap="1" count="12"/>
        <line num="21" type="stmt" count="12"/>
        <line num="24" type="method" name="getUserId" visibility="public" complexity="1" crap="1" count="6"/>
        <line num="26" type="stmt" count="6"/>
        <line num="29" type="method" name="getUserName" visibility="public" complexity="1" crap="1" count="4"/>
        <line num="31" type="stmt" count="4"/>
        <line num="34" type="method" name="getSubscribedAt" visibility="public" complexity="1" crap="1" count="5"/>
        <line num="36" type="stmt" count="5"/>
        <line num="39" type="method" name="isActive" visibility="public" complexity="1" crap="1" count="7"/>
        <line num="41" type="stmt" count="7"/>
        <line num="44" type="method" name="getUnsubscribedAt" visibility="public" complexity="1" crap="1" count="6"/>
        <line num="46" type="stmt" count="6"/>
        <line num="52" type="method" name="markAsUnsubscribed" visibility="public" complexity="1" crap="1" count="1"/>
        <line num="54" type="stmt" count="1"/>
        <line num="55" type="stmt" count="1"/>
        <line num="62" type="method" name="markAsResubscribed" visibility="public" complexity="1" crap="1" count="1"/>
        <line num="64" type="stmt" count="1"/>
        <line num="65" type="stmt" count="1"/>
        <line num="66" type="stmt" count="1"/>
        <metrics loc="69" ncloc="59" classes="1" methods="8" coveredmethods="8" conditionals="0" coveredconditionals="0" statements="11" coveredstatements="11" elements="19" coveredelements="19"/>
      </file>
      <file name="/data/src/Domain/Entity/Contact.php">
        <class name="MkdBot\Domain\Entity\Contact" namespace="MkdBot\Domain\Entity">
          <metrics complexity="19" methods="11" coveredmethods="11" conditionals="0" coveredconditionals="0" statements="27" coveredstatements="27" elements="38" coveredelements="38"/>
        </class>
        <line num="14" type="method" name="__construct" visibility="public" complexity="1" crap="1" count="27"/>
        <line num="24" type="stmt" count="27"/>
        <line num="26" type="method" name="getId" visibility="public" complexity="1" crap="1" count="4"/>
        <line num="28" type="stmt" count="4"/>
        <line num="31" type="method" name="getType" visibility="public" complexity="1" crap="1" count="5"/>
        <line num="33" type="stmt" count="5"/>
        <line num="36" type="method" name="getName" visibility="public" complexity="1" crap="1" count="3"/>
        <line num="38" type="stmt" count="3"/>
        <line num="41" type="method" name="getRole" visibility="public" complexity="1" crap="1" count="3"/>
        <line num="43" type="stmt" count="3"/>
        <line num="46" type="method" name="getPhone" visibility="public" complexity="1" crap="1" count="3"/>
        <line num="48" type="stmt" count="3"/>
        <line num="51" type="method" name="getEmail" visibility="public" complexity="1" crap="1" count="3"/>
        <line num="53" type="stmt" count="3"/>
        <line num="56" type="method" name="getDescription" visibility="public" complexity="1" crap="1" count="2"/>
        <line num="58" type="stmt" count="2"/>
        <line num="61" type="method" name="getSort" visibility="public" complexity="1" crap="1" count="2"/>
        <line num="63" type="stmt" count="2"/>
        <line num="69" type="method" name="formatUk" visibility="public" complexity="5" crap="5" count="8"/>
        <line num="71" type="stmt" count="8"/>
        <line num="72" type="stmt" count="8"/>
        <line num="73" type="stmt" count="8"/>
        <line num="74" type="stmt" count="7"/>
        <line num="76" type="stmt" count="8"/>
        <line num="77" type="stmt" count="7"/>
        <line num="79" type="stmt" count="8"/>
        <line num="80" type="stmt" count="7"/>
        <line num="82" type="stmt" count="8"/>
        <line num="88" type="method" name="formatCouncil" visibility="public" complexity="5" crap="5" count="6"/>
        <line num="90" type="stmt" count="6"/>
        <line num="91" type="stmt" count="6"/>
        <line num="92" type="stmt" count="6"/>
        <line num="93" type="stmt" count="5"/>
        <line num="95" type="stmt" count="6"/>
        <line num="96" type="stmt" count="5"/>
        <line num="98" type="stmt" count="6"/>
        <line num="99" type="stmt" count="4"/>
        <line num="101" type="stmt" count="6"/>
        <metrics loc="104" ncloc="95" classes="1" methods="11" coveredmethods="11" conditionals="0" coveredconditionals="0" statements="27" coveredstatements="27" elements="38" coveredelements="38"/>
      </file>
      <file name="/data/src/Domain/Entity/ConversationState.php">
        <class name="MkdBot\Domain\Entity\ConversationState" namespace="MkdBot\Domain\Entity">
          <metrics complexity="12" methods="12" coveredmethods="12" conditionals="0" coveredconditionals="0" statements="25" coveredstatements="25" elements="37" coveredelements="37"/>
        </class>
        <line num="15" type="method" name="__construct" visibility="public" complexity="1" crap="1" count="49"/>
        <line num="22" type="stmt" count="49"/>
        <line num="23" type="stmt" count="49"/>
        <line num="26" type="method" name="getUserId" visibility="public" complexity="1" crap="1" count="7"/>
        <line num="28" type="stmt" count="7"/>
        <line num="31" type="method" name="getCurrentStep" visibility="public" complexity="1" crap="1" count="34"/>
        <line num="33" type="stmt" count="34"/>
        <line num="36" type="method" name="getData" visibility="public" complexity="1" crap="1" count="19"/>
        <line num="38" type="stmt" count="19"/>
        <line num="41" type="method" name="getUpdatedAt" visibility="public" complexity="1" crap="1" count="7"/>
        <line num="43" type="stmt" count="7"/>
        <line num="46" type="method" name="getExpiresAt" visibility="public" complexity="1" crap="1" count="7"/>
        <line num="48" type="stmt" count="7"/>
        <line num="54" type="method" name="isExpired" visibility="public" complexity="1" crap="1" count="28"/>
        <line num="56" type="stmt" count="28"/>
        <line num="62" type="method" name="setStep" visibility="public" complexity="1" crap="1" count="7"/>
        <line num="64" type="stmt" count="7"/>
        <line num="65" type="stmt" count="7"/>
        <line num="67" type="stmt" count="7"/>
        <line num="73" type="method" name="setData" visibility="public" complexity="1" crap="1" count="2"/>
        <line num="75" type="stmt" count="2"/>
        <line num="76" type="stmt" count="2"/>
        <line num="78" type="stmt" count="2"/>
        <line num="84" type="method" name="setDatum" visibility="public" complexity="1" crap="1" count="8"/>
        <line num="86" type="stmt" count="8"/>
        <line num="87" type="stmt" count="8"/>
        <line num="89" type="stmt" count="8"/>
        <line num="95" type="method" name="reset" visibility="public" complexity="1" crap="1" count="6"/>
        <line num="97" type="stmt" count="6"/>
        <line num="98" type="stmt" count="6"/>
        <line num="99" type="stmt" count="6"/>
        <line num="100" type="stmt" count="6"/>
        <line num="102" type="stmt" count="6"/>
        <line num="108" type="method" name="renew" visibility="public" complexity="1" crap="1" count="2"/>
        <line num="110" type="stmt" count="2"/>
        <line num="111" type="stmt" count="2"/>
        <line num="113" type="stmt" count="2"/>
        <metrics loc="116" ncloc="95" classes="1" methods="12" coveredmethods="12" conditionals="0" coveredconditionals="0" statements="25" coveredstatements="25" elements="37" coveredelements="37"/>
      </file>
      <file name="/data/src/Domain/Entity/FallbackMessage.php">
        <class name="MkdBot\Domain\Entity\FallbackMessage" namespace="MkdBot\Domain\Entity">
          <metrics complexity="7" methods="7" coveredmethods="7" conditionals="0" coveredconditionals="0" statements="7" coveredstatements="7" elements="14" coveredelements="14"/>
        </class>
        <line num="15" type="method" name="__construct" visibility="public" complexity="1" crap="1" count="15"/>
        <line num="23" type="stmt" count="15"/>
        <line num="26" type="method" name="getId" visibility="public" complexity="1" crap="1" count="8"/>
        <line num="28" type="stmt" count="8"/>
        <line num="31" type="method" name="getQueueName" visibility="public" complexity="1" crap="1" count="7"/>
        <line num="33" type="stmt" count="7"/>
        <line num="36" type="method" name="getMessageBody" visibility="public" complexity="1" crap="1" count="7"/>
        <line num="38" type="stmt" count="7"/>
        <line num="41" type="method" name="getErrorMessage" visibility="public" complexity="1" crap="1" count="7"/>
        <line num="43" type="stmt" count="7"/>
        <line num="46" type="method" name="getXDeathCount" visibility="public" complexity="1" crap="1" count="7"/>
        <line num="48" type="stmt" count="7"/>
        <line num="51" type="method" name="getCreatedAt" visibility="public" complexity="1" crap="1" count="8"/>
        <line num="53" type="stmt" count="8"/>
        <metrics loc="56" ncloc="53" classes="1" methods="7" coveredmethods="7" conditionals="0" coveredconditionals="0" statements="7" coveredstatements="7" elements="14" coveredelements="14"/>
      </file>
      <file name="/data/src/Domain/Entity/News.php">
        <class name="MkdBot\Domain\Entity\News" namespace="MkdBot\Domain\Entity">
          <metrics complexity="12" methods="12" coveredmethods="12" conditionals="0" coveredconditionals="0" statements="12" coveredstatements="12" elements="24" coveredelements="24"/>
        </class>
        <line num="15" type="method" name="__construct" visibility="public" complexity="1" crap="1" count="20"/>
        <line num="23" type="stmt" count="20"/>
        <line num="26" type="method" name="getId" visibility="public" complexity="1" crap="1" count="15"/>
        <line num="28" type="stmt" count="15"/>
        <line num="31" type="method" name="getTitle" visibility="public" complexity="1" crap="1" count="16"/>
        <line num="33" type="stmt" count="16"/>
        <line num="36" type="method" name="getContent" visibility="public" complexity="1" crap="1" count="15"/>
        <line num="38" type="stmt" count="15"/>
        <line num="41" type="method" name="getPriority" visibility="public" complexity="1" crap="1" count="14"/>
        <line num="43" type="stmt" count="14"/>
        <line num="46" type="method" name="getCreatedAt" visibility="public" complexity="1" crap="1" count="14"/>
        <line num="48" type="stmt" count="14"/>
        <line num="51" type="method" name="getStatus" visibility="public" complexity="1" crap="1" count="14"/>
        <line num="53" type="stmt" count="14"/>
        <line num="56" type="method" name="isPending" visibility="public" complexity="1" crap="1" count="2"/>
        <line num="58" type="stmt" count="2"/>
        <line num="61" type="method" name="isDelivering" visibility="public" complexity="1" crap="1" count="3"/>
        <line num="63" type="stmt" count="3"/>
        <line num="66" type="method" name="isDelivered" visibility="public" complexity="1" crap="1" count="2"/>
        <line num="68" type="stmt" count="2"/>
        <line num="71" type="method" name="markAsDelivering" visibility="public" complexity="1" crap="1" count="1"/>
        <line num="73" type="stmt" count="1"/>
        <line num="76" type="method" name="markAsDelivered" visibility="public" complexity="1" crap="1" count="1"/>
        <line num="78" type="stmt" count="1"/>
        <metrics loc="81" ncloc="78" classes="1" methods="12" coveredmethods="12" conditionals="0" coveredconditionals="0" statements="12" coveredstatements="12" elements="24" coveredelements="24"/>
      </file>
      <file name="/data/src/Domain/Entity/NewsDelivery.php">
        <class name="MkdBot\Domain\Entity\NewsDelivery" namespace="MkdBot\Domain\Entity">
          <metrics complexity="10" methods="10" coveredmethods="10" conditionals="0" coveredconditionals="0" statements="10" coveredstatements="10" elements="20" coveredelements="20"/>
        </class>
        <line num="15" type="method" name="__construct" visibility="public" complexity="1" crap="1" count="12"/>
        <line num="21" type="stmt" count="12"/>
        <line num="23" type="method" name="getNewsId" visibility="public" complexity="1" crap="1" count="8"/>
        <line num="25" type="stmt" count="8"/>
        <line num="28" type="method" name="getUserId" visibility="public" complexity="1" crap="1" count="8"/>
        <line num="30" type="stmt" count="8"/>
        <line num="33" type="method" name="getStatus" visibility="public" complexity="1" crap="1" count="8"/>
        <line num="35" type="stmt" count="8"/>
        <line num="38" type="method" name="getDeliveredAt" visibility="public" complexity="1" crap="1" count="8"/>
        <line num="40" type="stmt" count="8"/>
        <line num="43" type="method" name="isPending" visibility="public" complexity="1" crap="1" count="3"/>
        <line num="45" type="stmt" count="3"/>
        <line num="48" type="method" name="isSent" visibility="public" complexity="1" crap="1" count="2"/>
        <line num="50" type="stmt" count="2"/>
        <line num="53" type="method" name="isFailed" visibility="public" complexity="1" crap="1" count="2"/>
        <line num="55" type="stmt" count="2"/>
        <line num="58" type="method" name="markAsSent" visibility="public" complexity="1" crap="1" count="1"/>
        <line num="60" type="stmt" count="1"/>
        <line num="63" type="method" name="markAsFailed" visibility="public" complexity="1" crap="1" count="1"/>
        <line num="65" type="stmt" count="1"/>
        <metrics loc="68" ncloc="65" classes="1" methods="10" coveredmethods="10" conditionals="0" coveredconditionals="0" statements="10" coveredstatements="10" elements="20" coveredelements="20"/>
      </file>
      <file name="/data/src/Domain/Entity/ProcessedWebhook.php">
        <class name="MkdBot\Domain\Entity\ProcessedWebhook" namespace="MkdBot\Domain\Entity">
          <metrics complexity="5" methods="5" coveredmethods="5" conditionals="0" coveredconditionals="0" statements="5" coveredstatements="5" elements="10" coveredelements="10"/>
        </class>
        <line num="15" type="method" name="__construct" visibility="public" complexity="1" crap="1" count="4"/>
        <line num="21" type="stmt" count="4"/>
        <line num="24" type="method" name="getId" visibility="public" complexity="1" crap="1" count="3"/>
        <line num="26" type="stmt" count="3"/>
        <line num="29" type="method" name="getMessageMid" visibility="public" complexity="1" crap="1" count="2"/>
        <line num="31" type="stmt" count="2"/>
        <line num="34" type="method" name="getMessengerType" visibility="public" complexity="1" crap="1" count="3"/>
        <line num="36" type="stmt" count="3"/>
        <line num="39" type="method" name="getCreatedAt" visibility="public" complexity="1" crap="1" count="3"/>
        <line num="41" type="stmt" count="3"/>
        <metrics loc="44" ncloc="41" classes="1" methods="5" coveredmethods="5" conditionals="0" coveredconditionals="0" statements="5" coveredstatements="5" elements="10" coveredelements="10"/>
      </file>
      <file name="/data/src/Domain/Entity/Proposal.php">
        <class name="MkdBot\Domain\Entity\Proposal" namespace="MkdBot\Domain\Entity">
          <metrics complexity="12" methods="10" coveredmethods="10" conditionals="0" coveredconditionals="0" statements="10" coveredstatements="10" elements="20" coveredelements="20"/>
        </class>
        <line num="15" type="method" name="__construct" visibility="public" complexity="1" crap="1" count="15"/>
        <line num="24" type="stmt" count="15"/>
        <line num="27" type="method" name="getId" visibility="public" complexity="1" crap="1" count="3"/>
        <line num="29" type="stmt" count="3"/>
        <line num="32" type="method" name="getType" visibility="public" complexity="1" crap="1" count="6"/>
        <line num="34" type="stmt" count="6"/>
        <line num="37" type="method" name="getUserId" visibility="public" complexity="1" crap="1" count="5"/>
        <line num="39" type="stmt" count="5"/>
        <line num="42" type="method" name="getUserName" visibility="public" complexity="1" crap="1" count="5"/>
        <line num="44" type="stmt" count="5"/>
        <line num="47" type="method" name="getSubject" visibility="public" complexity="1" crap="1" count="4"/>
        <line num="49" type="stmt" count="4"/>
        <line num="52" type="method" name="getContent" visibility="public" complexity="1" crap="1" count="4"/>
        <line num="54" type="stmt" count="4"/>
        <line num="57" type="method" name="getCreatedAt" visibility="public" complexity="1" crap="1" count="3"/>
        <line num="59" type="stmt" count="3"/>
        <line num="65" type="method" name="isSubjectValid" visibility="public" complexity="2" crap="2" count="1"/>
        <line num="67" type="stmt" count="1"/>
        <line num="73" type="method" name="isContentValid" visibility="public" complexity="2" crap="2" count="1"/>
        <line num="75" type="stmt" count="1"/>
        <metrics loc="78" ncloc="69" classes="1" methods="10" coveredmethods="10" conditionals="0" coveredconditionals="0" statements="10" coveredstatements="10" elements="20" coveredelements="20"/>
      </file>
    </package>
    <file name="/data/src/Domain/Enum/ContactType.php">
      <metrics loc="15" ncloc="12" classes="0" methods="0" coveredmethods="0" conditionals="0" coveredconditionals="0" statements="0" coveredstatements="0" elements="0" coveredelements="0"/>
    </file>
    <file name="/data/src/Domain/Enum/ConversationStep.php">
      <metrics loc="18" ncloc="14" classes="0" methods="0" coveredmethods="0" conditionals="0" coveredconditionals="0" statements="0" coveredstatements="0" elements="0" coveredelements="0"/>
    </file>
    <file name="/data/src/Domain/Enum/MessageType.php">
      <metrics loc="16" ncloc="13" classes="0" methods="0" coveredmethods="0" conditionals="0" coveredconditionals="0" statements="0" coveredstatements="0" elements="0" coveredelements="0"/>
    </file>
    <file name="/data/src/Domain/Enum/MessengerType.php">
      <metrics loc="15" ncloc="12" classes="0" methods="0" coveredmethods="0" conditionals="0" coveredconditionals="0" statements="0" coveredstatements="0" elements="0" coveredelements="0"/>
    </file>
    <file name="/data/src/Domain/Enum/NewsDeliveryStatus.php">
      <metrics loc="16" ncloc="13" classes="0" methods="0" coveredmethods="0" conditionals="0" coveredconditionals="0" statements="0" coveredstatements="0" elements="0" coveredelements="0"/>
    </file>
    <file name="/data/src/Domain/Enum/NewsStatus.php">
      <metrics loc="16" ncloc="13" classes="0" methods="0" coveredmethods="0" conditionals="0" coveredconditionals="0" statements="0" coveredstatements="0" elements="0" coveredelements="0"/>
    </file>
    <file name="/data/src/Domain/Enum/ProposalType.php">
      <metrics loc="15" ncloc="12" classes="0" methods="0" coveredmethods="0" conditionals="0" coveredconditionals="0" statements="0" coveredstatements="0" elements="0" coveredelements="0"/>
    </file>
    <file name="/data/src/Domain/Enum/QueueNameType.php">
      <metrics loc="17" ncloc="14" classes="0" methods="0" coveredmethods="0" conditionals="0" coveredconditionals="0" statements="0" coveredstatements="0" elements="0" coveredelements="0"/>
    </file>
    <package name="MkdBot\Domain\Exception">
      <file name="/data/src/Domain/Exception/ApiRateLimitExceededException.php">
        <class name="MkdBot\Domain\Exception\ApiRateLimitExceededException" namespace="MkdBot\Domain\Exception">
          <metrics complexity="1" methods="1" coveredmethods="0" conditionals="0" coveredconditionals="0" statements="1" coveredstatements="0" elements="2" coveredelements="0"/>
        </class>
        <line num="16" type="method" name="__construct" visibility="public" complexity="1" crap="2" count="0"/>
        <line num="21" type="stmt" count="0"/>
        <metrics loc="24" ncloc="20" classes="1" methods="1" coveredmethods="0" conditionals="0" coveredconditionals="0" statements="1" coveredstatements="0" elements="2" coveredelements="0"/>
      </file>
    </package>
    <file name="/data/src/Domain/Interface/BotSubscriberRepositoryInterface.php">
      <metrics loc="41" ncloc="21" classes="0" methods="0" coveredmethods="0" conditionals="0" coveredconditionals="0" statements="0" coveredstatements="0" elements="0" coveredelements="0"/>
    </file>
    <file name="/data/src/Domain/Interface/ContactRepositoryInterface.php">
      <metrics loc="21" ncloc="14" classes="0" methods="0" coveredmethods="0" conditionals="0" coveredconditionals="0" statements="0" coveredstatements="0" elements="0" coveredelements="0"/>
    </file>
    <file name="/data/src/Domain/Interface/ConversationStateRepositoryInterface.php">
      <metrics loc="29" ncloc="17" classes="0" methods="0" coveredmethods="0" conditionals="0" coveredconditionals="0" statements="0" coveredstatements="0" elements="0" coveredelements="0"/>
    </file>
    <file name="/data/src/Domain/Interface/DatabaseConnectionInterface.php">
      <metrics loc="35" ncloc="19" classes="0" methods="0" coveredmethods="0" conditionals="0" coveredconditionals="0" statements="0" coveredstatements="0" elements="0" coveredelements="0"/>
    </file>
    <file name="/data/src/Domain/Interface/FallbackMessageRepositoryInterface.php">
      <metrics loc="19" ncloc="13" classes="0" methods="0" coveredmethods="0" conditionals="0" coveredconditionals="0" statements="0" coveredstatements="0" elements="0" coveredelements="0"/>
    </file>
    <file name="/data/src/Domain/Interface/MaxBotClientInterface.php">
      <metrics loc="49" ncloc="23" classes="0" methods="0" coveredmethods="0" conditionals="0" coveredconditionals="0" statements="0" coveredstatements="0" elements="0" coveredelements="0"/>
    </file>
    <file name="/data/src/Domain/Interface/MaxBotConfigInterface.php">
      <metrics loc="31" ncloc="27" classes="0" methods="0" coveredmethods="0" conditionals="0" coveredconditionals="0" statements="0" coveredstatements="0" elements="0" coveredelements="0"/>
    </file>
    <file name="/data/src/Domain/Interface/NewsDeliveryRepositoryInterface.php">
      <metrics loc="48" ncloc="23" classes="0" methods="0" coveredmethods="0" conditionals="0" coveredconditionals="0" statements="0" coveredstatements="0" elements="0" coveredelements="0"/>
    </file>
    <file name="/data/src/Domain/Interface/NewsRepositoryInterface.php">
      <metrics loc="48" ncloc="23" classes="0" methods="0" coveredmethods="0" conditionals="0" coveredconditionals="0" statements="0" coveredstatements="0" elements="0" coveredelements="0"/>
    </file>
    <file name="/data/src/Domain/Interface/ProcessedWebhookRepositoryInterface.php">
      <metrics loc="23" ncloc="11" classes="0" methods="0" coveredmethods="0" conditionals="0" coveredconditionals="0" statements="0" coveredstatements="0" elements="0" coveredelements="0"/>
    </file>
    <file name="/data/src/Domain/Interface/ProposalNotifierInterface.php">
      <metrics loc="22" ncloc="13" classes="0" methods="0" coveredmethods="0" conditionals="0" coveredconditionals="0" statements="0" coveredstatements="0" elements="0" coveredelements="0"/>
    </file>
    <file name="/data/src/Domain/Interface/ProposalRepositoryInterface.php">
      <metrics loc="19" ncloc="13" classes="0" methods="0" coveredmethods="0" conditionals="0" coveredconditionals="0" statements="0" coveredstatements="0" elements="0" coveredelements="0"/>
    </file>
    <file name="/data/src/Domain/Interface/QueuePublisherInterface.php">
      <metrics loc="19" ncloc="13" classes="0" methods="0" coveredmethods="0" conditionals="0" coveredconditionals="0" statements="0" coveredstatements="0" elements="0" coveredelements="0"/>
    </file>
    <file name="/data/src/Domain/Interface/RabbitMQConnectionInterface.php">
      <metrics loc="17" ncloc="11" classes="0" methods="0" coveredmethods="0" conditionals="0" coveredconditionals="0" statements="0" coveredstatements="0" elements="0" coveredelements="0"/>
    </file>
    <file name="/data/src/Domain/Interface/TelegramBotClientInterface.php">
      <metrics loc="31" ncloc="15" classes="0" methods="0" coveredmethods="0" conditionals="0" coveredconditionals="0" statements="0" coveredstatements="0" elements="0" coveredelements="0"/>
    </file>
    <package name="MkdBot\Domain\ValueObject">
      <file name="/data/src/Domain/ValueObject/SendMessageResult.php">
        <class name="MkdBot\Domain\ValueObject\SendMessageResult" namespace="MkdBot\Domain\ValueObject">
          <metrics complexity="4" methods="4" coveredmethods="4" conditionals="0" coveredconditionals="0" statements="4" coveredstatements="4" elements="8" coveredelements="8"/>
        </class>
        <line num="13" type="method" name="__construct" visibility="public" complexity="1" crap="1" count="9"/>
        <line num="17" type="stmt" count="9"/>
        <line num="22" type="method" name="getMessageId" visibility="public" complexity="1" crap="1" count="9"/>
        <line num="24" type="stmt" count="9"/>
        <line num="30" type="method" name="getTimestamp" visibility="public" complexity="1" crap="1" count="9"/>
        <line num="32" type="stmt" count="9"/>
        <line num="38" type="method" name="empty" visibility="public" complexity="1" crap="1" count="2"/>
        <line num="40" type="stmt" count="2"/>
        <metrics loc="43" ncloc="30" classes="1" methods="4" coveredmethods="4" conditionals="0" coveredconditionals="0" statements="4" coveredstatements="4" elements="8" coveredelements="8"/>
      </file>
    </package>
    <file name="/data/src/Infrastructure/Interface/MaxWebhookRegistrarInterface.php">
      <metrics loc="21" ncloc="11" classes="0" methods="0" coveredmethods="0" conditionals="0" coveredconditionals="0" statements="0" coveredstatements="0" elements="0" coveredelements="0"/>
    </file>
    <file name="/data/src/Infrastructure/Interface/TelegramWebhookClientInterface.php">
      <metrics loc="42" ncloc="20" classes="0" methods="0" coveredmethods="0" conditionals="0" coveredconditionals="0" statements="0" coveredstatements="0" elements="0" coveredelements="0"/>
    </file>
    <package name="MkdBot\Infrastructure\Logging">
      <file name="/data/src/Infrastructure/Logging/LoggerFactory.php">
        <class name="MkdBot\Infrastructure\Logging\LoggerFactory" namespace="MkdBot\Infrastructure\Logging">
          <metrics complexity="1" methods="1" coveredmethods="0" conditionals="0" coveredconditionals="0" statements="7" coveredstatements="0" elements="8" coveredelements="0"/>
        </class>
        <line num="29" type="method" name="create" visibility="public" complexity="1" crap="2" count="0"/>
        <line num="36" type="stmt" count="0"/>
        <line num="37" type="stmt" count="0"/>
        <line num="40" type="stmt" count="0"/>
        <line num="43" type="stmt" count="0"/>
        <line num="44" type="stmt" count="0"/>
        <line num="45" type="stmt" count="0"/>
        <line num="47" type="stmt" count="0"/>
        <metrics loc="50" ncloc="35" classes="1" methods="1" coveredmethods="0" conditionals="0" coveredconditionals="0" statements="7" coveredstatements="0" elements="8" coveredelements="0"/>
      </file>
      <file name="/data/src/Infrastructure/Logging/ResilientRotatingFileHandler.php">
        <class name="MkdBot\Infrastructure\Logging\ResilientRotatingFileHandler" namespace="MkdBot\Infrastructure\Logging">
          <metrics complexity="3" methods="2" coveredmethods="0" conditionals="0" coveredconditionals="0" statements="3" coveredstatements="0" elements="5" coveredelements="0"/>
        </class>
        <line num="21" type="method" name="__construct" visibility="public" complexity="1" crap="2" count="0"/>
        <line num="28" type="stmt" count="0"/>
        <line num="31" type="method" name="write" visibility="protected" complexity="2" crap="6" count="0"/>
        <line num="34" type="stmt" count="0"/>
        <line num="35" type="stmt" count="0"/>
        <metrics loc="40" ncloc="33" classes="1" methods="2" coveredmethods="0" conditionals="0" coveredconditionals="0" statements="3" coveredstatements="0" elements="5" coveredelements="0"/>
      </file>
    </package>
    <package name="MkdBot\Infrastructure\MaxBot">
      <file name="/data/src/Infrastructure/MaxBot/MaxBotClient.php">
        <class name="MkdBot\Infrastructure\MaxBot\MaxBotClient" namespace="MkdBot\Infrastructure\MaxBot">
          <metrics complexity="33" methods="12" coveredmethods="6" conditionals="0" coveredconditionals="0" statements="98" coveredstatements="60" elements="110" coveredelements="66"/>
        </class>
        <line num="31" type="method" name="__construct" visibility="public" complexity="1" crap="1" count="1"/>
        <line num="35" type="stmt" count="1"/>
        <line num="38" type="method" name="sendMessageToUser" visibility="public" complexity="2" crap="2.35" count="3"/>
        <line num="40" type="stmt" count="3"/>
        <line num="43" type="stmt" count="3"/>
        <line num="44" type="stmt" count="0"/>
        <line num="45" type="stmt" count="0"/>
        <line num="46" type="stmt" count="0"/>
        <line num="47" type="stmt" count="0"/>
        <line num="50" type="stmt" count="3"/>
        <line num="52" type="stmt" count="3"/>
        <line num="54" type="stmt" count="3"/>
        <line num="57" type="method" name="sendMessageToChat" visibility="public" complexity="2" crap="2.35" count="1"/>
        <line num="59" type="stmt" count="1"/>
        <line num="62" type="stmt" count="1"/>
        <line num="63" type="stmt" count="0"/>
        <line num="64" type="stmt" count="0"/>
        <line num="65" type="stmt" count="0"/>
        <line num="66" type="stmt" count="0"/>
        <line num="69" type="stmt" count="1"/>
        <line num="71" type="stmt" count="1"/>
        <line num="73" type="stmt" count="1"/>
        <line num="81" type="method" name="sendMessageWithInlineKeyboard" visibility="public" complexity="7" crap="7.77" count="1"/>
        <line num="83" type="stmt" count="1"/>
        <line num="85" type="stmt" count="1"/>
        <line num="86" type="stmt" count="1"/>
        <line num="88" type="stmt" count="1"/>
        <line num="89" type="stmt" count="0"/>
        <line num="90" type="stmt" count="0"/>
        <line num="91" type="stmt" count="0"/>
        <line num="92" type="stmt" count="0"/>
        <line num="96" type="stmt" count="1"/>
        <line num="99" type="stmt" count="1"/>
        <line num="101" type="stmt" count="1"/>
        <line num="102" type="stmt" count="1"/>
        <line num="103" type="stmt" count="0"/>
        <line num="105" type="stmt" count="1"/>
        <line num="106" type="stmt" count="1"/>
        <line num="107" type="stmt" count="1"/>
        <line num="108" type="stmt" count="1"/>
        <line num="112" type="stmt" count="1"/>
        <line num="114" type="stmt" count="1"/>
        <line num="116" type="stmt" count="1"/>
        <line num="119" type="method" name="answerCallbackWithMessage" visibility="public" complexity="6" crap="42" count="0"/>
        <line num="121" type="stmt" count="0"/>
        <line num="124" type="stmt" count="0"/>
        <line num="125" type="stmt" count="0"/>
        <line num="126" type="stmt" count="0"/>
        <line num="127" type="stmt" count="0"/>
        <line num="128" type="stmt" count="0"/>
        <line num="131" type="stmt" count="0"/>
        <line num="132" type="stmt" count="0"/>
        <line num="133" type="stmt" count="0"/>
        <line num="135" type="stmt" count="0"/>
        <line num="136" type="stmt" count="0"/>
        <line num="137" type="stmt" count="0"/>
        <line num="139" type="stmt" count="0"/>
        <line num="140" type="stmt" count="0"/>
        <line num="141" type="stmt" count="0"/>
        <line num="142" type="stmt" count="0"/>
        <line num="147" type="stmt" count="0"/>
        <line num="148" type="stmt" count="0"/>
        <line num="150" type="stmt" count="0"/>
        <line num="153" type="method" name="answerCallbackNotification" visibility="public" complexity="1" crap="2" count="0"/>
        <line num="155" type="stmt" count="0"/>
        <line num="156" type="stmt" count="0"/>
        <line num="158" type="stmt" count="0"/>
        <line num="161" type="method" name="sendAction" visibility="public" complexity="1" crap="2" count="0"/>
        <line num="163" type="stmt" count="0"/>
        <line num="164" type="stmt" count="0"/>
        <line num="166" type="stmt" count="0"/>
        <line num="172" type="method" name="mapResult" visibility="private" complexity="2" crap="2" count="5"/>
        <line num="175" type="stmt" count="5"/>
        <line num="176" type="stmt" count="5"/>
        <line num="177" type="stmt" count="5"/>
        <line num="178" type="stmt" count="4"/>
        <line num="179" type="stmt" count="1"/>
        <line num="180" type="stmt" count="1"/>
        <line num="181" type="stmt" count="1"/>
        <line num="182" type="stmt" count="1"/>
        <line num="183" type="stmt" count="1"/>
        <line num="186" type="stmt" count="4"/>
        <line num="196" type="method" name="groupButtonsByRow" visibility="private" complexity="3" crap="3" count="6"/>
        <line num="198" type="stmt" count="6"/>
        <line num="199" type="stmt" count="6"/>
        <line num="201" type="stmt" count="6"/>
        <line num="202" type="stmt" count="5"/>
        <line num="203" type="stmt" count="5"/>
        <line num="204" type="stmt" count="5"/>
        <line num="206" type="stmt" count="5"/>
        <line num="207" type="stmt" count="5"/>
        <line num="210" type="stmt" count="6"/>
        <line num="211" type="stmt" count="6"/>
        <line num="217" type="method" name="resolveIntent" visibility="private" complexity="4" crap="4" count="6"/>
        <line num="219" type="stmt" count="6"/>
        <line num="220" type="stmt" count="2"/>
        <line num="221" type="stmt" count="1"/>
        <line num="222" type="stmt" count="6"/>
        <line num="223" type="stmt" count="6"/>
        <line num="229" type="method" name="truncateText" visibility="private" complexity="2" crap="2" count="15"/>
        <line num="231" type="stmt" count="15"/>
        <line num="232" type="stmt" count="9"/>
        <line num="235" type="stmt" count="6"/>
        <line num="236" type="stmt" count="6"/>
        <line num="243" type="method" name="forceTruncateText" visibility="private" complexity="2" crap="2" count="2"/>
        <line num="245" type="stmt" count="2"/>
        <line num="246" type="stmt" count="2"/>
        <line num="248" type="stmt" count="2"/>
        <line num="249" type="stmt" count="1"/>
        <line num="252" type="stmt" count="1"/>
        <metrics loc="255" ncloc="225" classes="1" methods="12" coveredmethods="6" conditionals="0" coveredconditionals="0" statements="98" coveredstatements="60" elements="110" coveredelements="66"/>
      </file>
      <file name="/data/src/Infrastructure/MaxBot/MaxBotConfig.php">
        <class name="MkdBot\Infrastructure\MaxBot\MaxBotConfig" namespace="MkdBot\Infrastructure\MaxBot">
          <metrics complexity="18" methods="16" coveredmethods="0" conditionals="0" coveredconditionals="0" statements="23" coveredstatements="0" elements="39" coveredelements="0"/>
        </class>
        <line num="19" type="method" name="__construct" visibility="public" complexity="1" crap="2" count="0"/>
        <line num="21" type="stmt" count="0"/>
        <line num="24" type="method" name="getAccessToken" visibility="public" complexity="1" crap="2" count="0"/>
        <line num="26" type="stmt" count="0"/>
        <line num="29" type="method" name="getBaseUrl" visibility="public" complexity="1" crap="2" count="0"/>
        <line num="31" type="stmt" count="0"/>
        <line num="34" type="method" name="getHttpClient" visibility="public" complexity="1" crap="2" count="0"/>
        <line num="36" type="stmt" count="0"/>
        <line num="39" type="method" name="getMaxHttpClient" visibility="public" complexity="1" crap="2" count="0"/>
        <line num="41" type="stmt" count="0"/>
        <line num="44" type="method" name="getRetryAttempts" visibility="public" complexity="1" crap="2" count="0"/>
        <line num="46" type="stmt" count="0"/>
        <line num="49" type="method" name="getTimeout" visibility="public" complexity="1" crap="2" count="0"/>
        <line num="51" type="stmt" count="0"/>
        <line num="54" type="method" name="getConnectTimeout" visibility="public" complexity="1" crap="2" count="0"/>
        <line num="56" type="stmt" count="0"/>
        <line num="59" type="method" name="setAccessToken" visibility="public" complexity="1" crap="2" count="0"/>
        <line num="61" type="stmt" count="0"/>
        <line num="62" type="stmt" count="0"/>
        <line num="65" type="method" name="setBaseUrl" visibility="public" complexity="1" crap="2" count="0"/>
        <line num="67" type="stmt" count="0"/>
        <line num="68" type="stmt" count="0"/>
        <line num="71" type="method" name="setHttpClient" visibility="public" complexity="3" crap="12" count="0"/>
        <line num="75" type="stmt" count="0"/>
        <line num="76" type="stmt" count="0"/>
        <line num="79" type="stmt" count="0"/>
        <line num="82" type="method" name="setMaxHttpClient" visibility="public" complexity="1" crap="2" count="0"/>
        <line num="85" type="stmt" count="0"/>
        <line num="88" type="method" name="setRetryAttempts" visibility="public" complexity="1" crap="2" count="0"/>
        <line num="90" type="stmt" count="0"/>
        <line num="91" type="stmt" count="0"/>
        <line num="94" type="method" name="setTimeout" visibility="public" complexity="1" crap="2" count="0"/>
        <line num="96" type="stmt" count="0"/>
        <line num="97" type="stmt" count="0"/>
        <line num="100" type="method" name="setConnectTimeout" visibility="public" complexity="1" crap="2" count="0"/>
        <line num="102" type="stmt" count="0"/>
        <line num="103" type="stmt" count="0"/>
        <line num="109" type="method" name="getInnerConfig" visibility="public" complexity="1" crap="2" count="0"/>
        <line num="111" type="stmt" count="0"/>
        <metrics loc="114" ncloc="104" classes="1" methods="16" coveredmethods="0" conditionals="0" coveredconditionals="0" statements="23" coveredstatements="0" elements="39" coveredelements="0"/>
      </file>
      <file name="/data/src/Infrastructure/MaxBot/MaxWebhookRegistrar.php">
        <class name="MkdBot\Infrastructure\MaxBot\MaxWebhookRegistrar" namespace="MkdBot\Infrastructure\MaxBot">
          <metrics complexity="3" methods="2" coveredmethods="0" conditionals="0" coveredconditionals="0" statements="11" coveredstatements="0" elements="13" coveredelements="0"/>
        </class>
        <line num="18" type="method" name="__construct" visibility="public" complexity="1" crap="2" count="0"/>
        <line num="22" type="stmt" count="0"/>
        <line num="24" type="method" name="subscribe" visibility="public" complexity="2" crap="6" count="0"/>
        <line num="26" type="stmt" count="0"/>
        <line num="27" type="stmt" count="0"/>
        <line num="28" type="stmt" count="0"/>
        <line num="31" type="stmt" count="0"/>
        <line num="32" type="stmt" count="0"/>
        <line num="33" type="stmt" count="0"/>
        <line num="35" type="stmt" count="0"/>
        <line num="36" type="stmt" count="0"/>
        <line num="38" type="stmt" count="0"/>
        <line num="40" type="stmt" count="0"/>
        <metrics loc="43" ncloc="39" classes="1" methods="2" coveredmethods="0" conditionals="0" coveredconditionals="0" statements="11" coveredstatements="0" elements="13" coveredelements="0"/>
      </file>
    </package>
    <package name="MkdBot\Infrastructure\Notification">
      <file name="/data/src/Infrastructure/Notification/PhpMailerProposalNotifier.php">
        <class name="MkdBot\Infrastructure\Notification\PhpMailerProposalNotifier" namespace="MkdBot\Infrastructure\Notification">
          <metrics complexity="10" methods="4" coveredmethods="3" conditionals="0" coveredconditionals="0" statements="40" coveredstatements="38" elements="44" coveredelements="41"/>
        </class>
        <line num="22" type="method" name="__construct" visibility="public" complexity="1" crap="1" count="7"/>
        <line num="32" type="stmt" count="7"/>
        <line num="34" type="method" name="notify" visibility="public" complexity="6" crap="6.02" count="5"/>
        <line num="37" type="stmt" count="5"/>
        <line num="39" type="stmt" count="5"/>
        <line num="40" type="stmt" count="1"/>
        <line num="41" type="stmt" count="1"/>
        <line num="44" type="stmt" count="4"/>
        <line num="48" type="stmt" count="4"/>
[...]
        <line num="124" type="method" name="getWebhookUpdate" visibility="public" complexity="1" crap="1" count="1"/>
        <line num="126" type="stmt" count="1"/>
        <line num="129" type="method" name="getUpdates" visibility="public" complexity="1" crap="1" count="2"/>
        <line num="131" type="stmt" count="2"/>
        <line num="134" type="method" name="deleteWebhook" visibility="public" complexity="1" crap="1" count="2"/>
        <line num="136" type="stmt" count="2"/>
        <line num="144" type="method" name="formatProxyUrl" visibility="private" complexity="3" crap="3" count="8"/>
        <line num="146" type="stmt" count="8"/>
        <line num="148" type="stmt" count="4"/>
        <line num="149" type="stmt" count="4"/>
        <line num="152" type="stmt" count="4"/>
        <line num="161" type="method" name="requestWithRetry" visibility="private" complexity="5" crap="24.26" count="9"/>
        <line num="164" type="stmt" count="9"/>
        <line num="165" type="stmt" count="0"/>
        <line num="167" type="stmt" count="0"/>
        <line num="168" type="stmt" count="0"/>
        <line num="169" type="stmt" count="0"/>
        <line num="170" type="stmt" count="0"/>
        <line num="173" type="stmt" count="0"/>
        <line num="174" type="stmt" count="0"/>
        <line num="175" type="stmt" count="0"/>
        <line num="176" type="stmt" count="0"/>
        <line num="178" type="stmt" count="0"/>
        <line num="183" type="stmt" count="0"/>
        <line num="191" type="method" name="extractRetryAfter" visibility="private" complexity="4" crap="20" count="0"/>
        <line num="193" type="stmt" count="0"/>
        <line num="195" type="stmt" count="0"/>
        <line num="197" type="stmt" count="0"/>
        <line num="199" type="stmt" count="0"/>
        <line num="200" type="stmt" count="0"/>
        <line num="204" type="stmt" count="0"/>
        <line num="206" type="stmt" count="0"/>
        <line num="207" type="stmt" count="0"/>
        <line num="211" type="stmt" count="0"/>
        <line num="218" type="method" name="downloadToTempFile" visibility="private" complexity="7" crap="7.01" count="3"/>
        <line num="221" type="stmt" count="3"/>
        <line num="223" type="stmt" count="3"/>
        <line num="224" type="stmt" count="0"/>
        <line num="227" type="stmt" count="3"/>
        <line num="229" type="stmt" count="3"/>
        <line num="230" type="stmt" count="3"/>
        <line num="231" type="stmt" count="3"/>
        <line num="232" type="stmt" count="3"/>
        <line num="233" type="stmt" count="3"/>
        <line num="235" type="stmt" count="2"/>
        <line num="236" type="stmt" count="1"/>
        <line num="237" type="stmt" count="1"/>
        <line num="240" type="stmt" count="1"/>
        <line num="241" type="stmt" count="1"/>
        <line num="242" type="stmt" count="1"/>
        <line num="243" type="stmt" count="1"/>
        <line num="250" type="method" name="truncateText" visibility="private" complexity="2" crap="2" count="16"/>
        <line num="252" type="stmt" count="16"/>
        <line num="253" type="stmt" count="8"/>
        <line num="256" type="stmt" count="8"/>
        <line num="258" type="stmt" count="8"/>
        <metrics loc="261" ncloc="214" classes="1" methods="13" coveredmethods="8" conditionals="0" coveredconditionals="0" statements="80" coveredstatements="48" elements="93" coveredelements="56"/>
      </file>
      <file name="/data/src/Infrastructure/TelegramBot/TelegramLongPollWorker.php">
        <class name="MkdBot\Infrastructure\TelegramBot\TelegramLongPollWorker" namespace="MkdBot\Infrastructure\TelegramBot">
          <metrics complexity="16" methods="4" coveredmethods="3" conditionals="0" coveredconditionals="0" statements="45" coveredstatements="41" elements="49" coveredelements="44"/>
        </class>
        <line num="28" type="method" name="__construct" visibility="public" complexity="1" crap="1" count="9"/>
        <line num="33" type="stmt" count="9"/>
        <line num="38" type="method" name="run" visibility="public" complexity="9" crap="9.14" count="9"/>
        <line num="41" type="stmt" count="9"/>
        <line num="42" type="stmt" count="9"/>
        <line num="43" type="stmt" count="0"/>
        <line num="44" type="stmt" count="0"/>
        <line num="45" type="stmt" count="9"/>
        <line num="46" type="stmt" count="9"/>
        <line num="47" type="stmt" count="0"/>
        <line num="48" type="stmt" count="0"/>
        <line num="49" type="stmt" count="9"/>
        <line num="50" type="stmt" count="9"/>
        <line num="53" type="stmt" count="9"/>
        <line num="57" type="stmt" count="9"/>
        <line num="58" type="stmt" count="8"/>
        <line num="59" type="stmt" count="1"/>
        <line num="60" type="stmt" count="1"/>
        <line num="63" type="stmt" count="9"/>
        <line num="65" type="stmt" count="9"/>
        <line num="68" type="stmt" count="9"/>
        <line num="69" type="stmt" count="9"/>
        <line num="72" type="stmt" count="9"/>
        <line num="76" type="stmt" count="9"/>
        <line num="77" type="stmt" count="9"/>
        <line num="78" type="stmt" count="9"/>
        <line num="79" type="stmt" count="9"/>
        <line num="81" type="stmt" count="9"/>
        <line num="82" type="stmt" count="4"/>
        <line num="83" type="stmt" count="4"/>
        <line num="87" type="stmt" count="9"/>
        <line num="88" type="stmt" count="9"/>
        <line num="90" type="stmt" count="1"/>
        <line num="91" type="stmt" count="1"/>
        <line num="93" type="stmt" count="1"/>
        <line num="97" type="stmt" count="9"/>
        <line num="104" type="method" name="handleUpdate" visibility="private" complexity="2" crap="2" count="4"/>
        <line num="109" type="stmt" count="4"/>
        <line num="111" type="stmt" count="4"/>
        <line num="113" type="stmt" count="4"/>
        <line num="114" type="stmt" count="1"/>
        <line num="115" type="stmt" count="1"/>
        <line num="123" type="method" name="sleepWithSignalCheck" visibility="private" complexity="4" crap="4" count="1"/>
        <line num="125" type="stmt" count="1"/>
        <line num="126" type="stmt" count="1"/>
        <line num="127" type="stmt" count="1"/>
        <line num="128" type="stmt" count="1"/>
        <line num="130" type="stmt" count="1"/>
        <line num="131" type="stmt" count="1"/>
        <metrics loc="136" ncloc="109" classes="1" methods="4" coveredmethods="3" conditionals="0" coveredconditionals="0" statements="45" coveredstatements="41" elements="49" coveredelements="44"/>
      </file>
    </package>
    <package name="MkdBot\Presentation\Controller">
      <file name="/data/src/Presentation/Controller/HealthController.php">
        <class name="MkdBot\Presentation\Controller\HealthController" namespace="MkdBot\Presentation\Controller">
          <metrics complexity="5" methods="3" coveredmethods="3" conditionals="0" coveredconditionals="0" statements="15" coveredstatements="15" elements="18" coveredelements="18"/>
        </class>
        <line num="17" type="method" name="__construct" visibility="public" complexity="1" crap="1" count="21"/>
        <line num="21" type="stmt" count="21"/>
        <line num="26" type="method" name="health" visibility="public" complexity="1" crap="1" count="6"/>
        <line num="28" type="stmt" count="6"/>
        <line num="30" type="stmt" count="6"/>
        <line num="36" type="method" name="ready" visibility="public" complexity="3" crap="3" count="15"/>
        <line num="38" type="stmt" count="15"/>
        <line num="39" type="stmt" count="15"/>
        <line num="40" type="stmt" count="15"/>
        <line num="41" type="stmt" count="15"/>
        <line num="43" type="stmt" count="14"/>
        <line num="45" type="stmt" count="14"/>
        <line num="46" type="stmt" count="14"/>
        <line num="47" type="stmt" count="14"/>
        <line num="48" type="stmt" count="14"/>
        <line num="50" type="stmt" count="14"/>
        <line num="51" type="stmt" count="14"/>
        <line num="52" type="stmt" count="14"/>
        <metrics loc="55" ncloc="46" classes="1" methods="3" coveredmethods="3" conditionals="0" coveredconditionals="0" statements="15" coveredstatements="15" elements="18" coveredelements="18"/>
      </file>
      <file name="/data/src/Presentation/Controller/MaxWebhookController.php">
        <class name="MkdBot\Presentation\Controller\MaxWebhookController" namespace="MkdBot\Presentation\Controller">
          <metrics complexity="15" methods="2" coveredmethods="1" conditionals="0" coveredconditionals="0" statements="37" coveredstatements="34" elements="39" coveredelements="35"/>
        </class>
        <line num="26" type="method" name="__construct" visibility="public" complexity="1" crap="1" count="14"/>
        <line num="32" type="stmt" count="14"/>
        <line num="37" type="method" name="handle" visibility="public" complexity="14" crap="14.11" count="14"/>
        <line num="39" type="stmt" count="14"/>
        <line num="41" type="stmt" count="14"/>
        <line num="42" type="stmt" count="1"/>
        <line num="43" type="stmt" count="1"/>
        <line num="48" type="stmt" count="13"/>
        <line num="49" type="stmt" count="1"/>
        <line num="50" type="stmt" count="1"/>
        <line num="51" type="stmt" count="1"/>
        <line num="52" type="stmt" count="0"/>
        <line num="54" type="stmt" count="0"/>
        <line num="55" type="stmt" count="0"/>
        <line num="59" type="stmt" count="12"/>
        <line num="61" type="stmt" count="12"/>
        <line num="63" type="stmt" count="1"/>
        <line num="69" type="stmt" count="11"/>
        <line num="70" type="stmt" count="11"/>
        <line num="72" type="stmt" count="11"/>
        <line num="73" type="stmt" count="4"/>
        <line num="74" type="stmt" count="4"/>
        <line num="75" type="stmt" count="4"/>
        <line num="76" type="stmt" count="7"/>
        <line num="77" type="stmt" count="4"/>
        <line num="79" type="stmt" count="4"/>
        <line num="80" type="stmt" count="2"/>
        <line num="81" type="stmt" count="2"/>
        <line num="83" type="stmt" count="2"/>
        <line num="85" type="stmt" count="4"/>
        <line num="88" type="stmt" count="11"/>
        <line num="89" type="stmt" count="6"/>
        <line num="90" type="stmt" count="1"/>
        <line num="91" type="stmt" count="1"/>
        <line num="97" type="stmt" count="10"/>
        <line num="98" type="stmt" count="2"/>
        <line num="99" type="stmt" count="2"/>
        <line num="101" type="stmt" count="2"/>
        <line num="104" type="stmt" count="8"/>
        <metrics loc="107" ncloc="89" classes="1" methods="2" coveredmethods="1" conditionals="0" coveredconditionals="0" statements="37" coveredstatements="34" elements="39" coveredelements="35"/>
      </file>
      <file name="/data/src/Presentation/Controller/TelegramWebhookController.php">
        <class name="MkdBot\Presentation\Controller\TelegramWebhookController" namespace="MkdBot\Presentation\Controller">
          <metrics complexity="2" methods="2" coveredmethods="2" conditionals="0" coveredconditionals="0" statements="4" coveredstatements="4" elements="6" coveredelements="6"/>
        </class>
        <line num="17" type="method" name="__construct" visibility="public" complexity="1" crap="1" count="3"/>
        <line num="20" type="stmt" count="3"/>
        <line num="25" type="method" name="handle" visibility="public" complexity="1" crap="1" count="3"/>
        <line num="27" type="stmt" count="3"/>
        <line num="29" type="stmt" count="3"/>
        <line num="31" type="stmt" count="3"/>
        <metrics loc="34" ncloc="27" classes="1" methods="2" coveredmethods="2" conditionals="0" coveredconditionals="0" statements="4" coveredstatements="4" elements="6" coveredelements="6"/>
      </file>
    </package>
    <package name="MkdBot\Presentation\Mapper">
      <file name="/data/src/Presentation/Mapper/MaxUpdateMapper.php">
        <class name="MkdBot\Presentation\Mapper\MaxUpdateMapper" namespace="MkdBot\Presentation\Mapper">
          <metrics complexity="24" methods="8" coveredmethods="6" conditionals="0" coveredconditionals="0" statements="97" coveredstatements="92" elements="105" coveredelements="98"/>
        </class>
        <line num="25" type="method" name="__construct" visibility="public" complexity="1" crap="1" count="13"/>
        <line num="28" type="stmt" count="13"/>
        <line num="33" type="method" name="map" visibility="public" complexity="6" crap="6" count="13"/>
        <line num="36" type="stmt" count="13"/>
        <line num="37" type="stmt" count="7"/>
        <line num="38" type="stmt" count="4"/>
        <line num="39" type="stmt" count="2"/>
        <line num="40" type="stmt" count="13"/>
        <line num="47" type="method" name="mapMessageCreated" visibility="private" complexity="1" crap="1" count="6"/>
        <line num="49" type="stmt" count="6"/>
        <line num="50" type="stmt" count="6"/>
        <line num="51" type="stmt" count="6"/>
        <line num="52" type="stmt" count="6"/>
        <line num="55" type="stmt" count="6"/>
        <line num="57" type="stmt" count="6"/>
        <line num="58" type="stmt" count="6"/>
        <line num="61" type="stmt" count="6"/>
        <line num="63" type="stmt" count="6"/>
        <line num="64" type="stmt" count="6"/>
        <line num="65" type="stmt" count="6"/>
        <line num="66" type="stmt" count="6"/>
        <line num="67" type="stmt" count="6"/>
        <line num="68" type="stmt" count="6"/>
        <line num="69" type="stmt" count="6"/>
        <line num="70" type="stmt" count="6"/>
        <line num="71" type="stmt" count="6"/>
        <line num="72" type="stmt" count="6"/>
        <line num="79" type="method" name="mapMessageCallback" visibility="private" complexity="3" crap="3.00" count="3"/>
        <line num="81" type="stmt" count="3"/>
        <line num="82" type="stmt" count="3"/>
        <line num="85" type="stmt" count="3"/>
        <line num="86" type="stmt" count="3"/>
        <line num="89" type="stmt" count="3"/>
        <line num="92" type="stmt" count="3"/>
        <line num="94" type="stmt" count="3"/>
        <line num="95" type="stmt" count="0"/>
        <line num="100" type="stmt" count="3"/>
        <line num="101" type="stmt" count="3"/>
        <line num="102" type="stmt" count="1"/>
        <line num="103" type="stmt" count="1"/>
        <line num="106" type="stmt" count="3"/>
        <line num="107" type="stmt" count="3"/>
        <line num="108" type="stmt" count="3"/>
        <line num="109" type="stmt" count="3"/>
        <line num="110" type="stmt" count="3"/>
        <line num="111" type="stmt" count="3"/>
        <line num="112" type="stmt" count="3"/>
        <line num="119" type="method" name="mapBotStarted" visibility="private" complexity="1" crap="1" count="2"/>
        <line num="121" type="stmt" count="2"/>
        <line num="122" type="stmt" count="2"/>
        <line num="123" type="stmt" count="2"/>
        <line num="124" type="stmt" count="2"/>
        <line num="125" type="stmt" count="2"/>
        <line num="126" type="stmt" count="2"/>
        <line num="127" type="stmt" count="2"/>
        <line num="134" type="method" name="mapBotStopped" visibility="private" complexity="1" crap="1" count="1"/>
        <line num="136" type="stmt" count="1"/>
        <line num="137" type="stmt" count="1"/>
        <line num="138" type="stmt" count="1"/>
        <line num="139" type="stmt" count="1"/>
        <line num="140" type="stmt" count="1"/>
        <line num="141" type="stmt" count="1"/>
        <line num="148" type="method" name="handleUnknownUpdate" visibility="private" complexity="1" crap="1" count="1"/>
        <line num="150" type="stmt" count="1"/>
        <line num="151" type="stmt" count="1"/>
        <line num="153" type="stmt" count="1"/>
        <line num="165" type="method" name="extractAttachments" visibility="private" complexity="10" crap="10.12" count="6"/>
        <line num="167" type="stmt" count="6"/>
        <line num="169" type="stmt" count="6"/>
        <line num="171" type="stmt" count="2"/>
        <line num="173" type="stmt" count="2"/>
        <line num="174" type="stmt" count="1"/>
        <line num="175" type="stmt" count="1"/>
        <line num="176" type="stmt" count="1"/>
        <line num="177" type="stmt" count="1"/>
        <line num="178" type="stmt" count="1"/>
        <line num="179" type="stmt" count="1"/>
        <line num="180" type="stmt" count="1"/>
        <line num="181" type="stmt" count="1"/>
        <line num="182" type="stmt" count="1"/>
        <line num="184" type="stmt" count="1"/>
        <line num="185" type="stmt" count="1"/>
        <line num="186" type="stmt" count="1"/>
        <line num="187" type="stmt" count="1"/>
        <line num="188" type="stmt" count="1"/>
        <line num="192" type="stmt" count="1"/>
        <line num="194" type="stmt" count="1"/>
        <line num="195" type="stmt" count="0"/>
        <line num="196" type="stmt" count="0"/>
        <line num="199" type="stmt" count="1"/>
        <line num="200" type="stmt" count="0"/>
        <line num="201" type="stmt" count="0"/>
        <line num="205" type="stmt" count="1"/>
        <line num="206" type="stmt" count="1"/>
        <line num="207" type="stmt" count="1"/>
        <line num="209" type="stmt" count="1"/>
        <line num="210" type="stmt" count="1"/>
        <line num="214" type="stmt" count="1"/>
        <line num="215" type="stmt" count="1"/>
        <line num="216" type="stmt" count="1"/>
        <line num="217" type="stmt" count="1"/>
        <line num="218" type="stmt" count="1"/>
        <line num="219" type="stmt" count="1"/>
        <line num="220" type="stmt" count="1"/>
        <line num="224" type="stmt" count="6"/>
        <metrics loc="227" ncloc="180" classes="1" methods="8" coveredmethods="6" conditionals="0" coveredconditionals="0" statements="97" coveredstatements="92" elements="105" coveredelements="98"/>
      </file>
    </package>
    <package name="MkdBot\Presentation\Middleware">
      <file name="/data/src/Presentation/Middleware/WebhookAuthMiddleware.php">
        <class name="MkdBot\Presentation\Middleware\WebhookAuthMiddleware" namespace="MkdBot\Presentation\Middleware">
          <metrics complexity="11" methods="2" coveredmethods="2" conditionals="0" coveredconditionals="0" statements="13" coveredstatements="13" elements="15" coveredelements="15"/>
        </class>
        <line num="21" type="method" name="__construct" visibility="public" complexity="1" crap="1" count="12"/>
        <line num="26" type="stmt" count="12"/>
        <line num="28" type="method" name="process" visibility="public" complexity="10" crap="10" count="12"/>
        <line num="30" type="stmt" count="12"/>
        <line num="33" type="stmt" count="12"/>
        <line num="34" type="stmt" count="5"/>
        <line num="35" type="stmt" count="5"/>
        <line num="36" type="stmt" count="3"/>
        <line num="37" type="stmt" count="3"/>
        <line num="42" type="stmt" count="9"/>
        <line num="43" type="stmt" count="2"/>
        <line num="44" type="stmt" count="2"/>
        <line num="45" type="stmt" count="1"/>
        <line num="46" type="stmt" count="1"/>
        <line num="50" type="stmt" count="8"/>
        <metrics loc="53" ncloc="46" classes="1" methods="2" coveredmethods="2" conditionals="0" coveredconditionals="0" statements="13" coveredstatements="13" elements="15" coveredelements="15"/>
      </file>
    </package>
    <metrics files="86" loc="5711" ncloc="4729" classes="61" methods="279" coveredmethods="213" conditionals="0" coveredconditionals="0" statements="1562" coveredstatements="1262" elements="1841" coveredelements="1475"/>
  </project>
</coverage>
